#
# A fatal error has been detected by the Java Runtime Environment:
#
#  Internal Error (classFileParser.cpp:3375), pid=12350, tid=140179584653056
#  Error: ShouldNotReachHere()
#
# JRE version: 6.0_24-b07
# Java VM: Java HotSpot(TM) 64-Bit Server VM (19.1-b02 mixed mode linux-amd64 compressed oops)
# If you would like to submit a bug report, please visit:
#   http://java.sun.com/webapps/bugreport/crash.jsp
#

---------------  T H R E A D  ---------------

Current thread (0x0000000040904000):  JavaThread "Unknown thread" [_thread_in_vm, id=12355, stack(0x00007f7e1a491000,0x00007f7e1a592000)]

Stack: [0x00007f7e1a491000,0x00007f7e1a592000],  sp=0x00007f7e1a590120,  free space=1020k
Native frames: (J=compiled Java code, j=interpreted, Vv=VM code, C=native code)
V  [libjvm.so+0x790f75]
V  [libjvm.so+0x3250b6]
V  [libjvm.so+0x2b12d5]
V  [libjvm.so+0x2b780f]
V  [libjvm.so+0x71f63f]
V  [libjvm.so+0x71d625]
V  [libjvm.so+0x71c3b1]
V  [libjvm.so+0x71bfc4]
V  [libjvm.so+0x720e20]
V  [libjvm.so+0x720eb5]
V  [libjvm.so+0x720f95]
V  [libjvm.so+0x720d58]
V  [libjvm.so+0x767808]
V  [libjvm.so+0x769719]
V  [libjvm.so+0x3eb7bc]
V  [libjvm.so+0x74fbef]
V  [libjvm.so+0x457cb0]


---------------  P R O C E S S  ---------------

Java Threads: ( => current thread )

Other Threads:

=>0x0000000040904000 (exited) JavaThread "Unknown thread" [_thread_in_vm, id=12355, stack(0x00007f7e1a491000,0x00007f7e1a592000)]

VM state:not at safepoint (not fully initialized)

VM Mutex/Monitor currently owned by a thread: None

Dynamic libraries:
40000000-40009000 r-xp 00000000 07:00 393504                             /usr/lib/jvm/java-6-sun-1.6.0.24/jre/bin/java
40108000-4010a000 rwxp 00008000 07:00 393504                             /usr/lib/jvm/java-6-sun-1.6.0.24/jre/bin/java
408fb000-4096c000 rwxp 00000000 00:00 0                                  [heap]
db800000-dccc0000 rwxp 00000000 00:00 0 
dccc0000-e0a00000 rwxp 00000000 00:00 0 
e0a00000-e1ef0000 rwxp 00000000 00:00 0 
e1ef0000-f58b0000 rwxp 00000000 00:00 0 
f58b0000-f6320000 rwxp 00000000 00:00 0 
f6320000-100000000 rwxp 00000000 00:00 0 
7f7e1616c000-7f7e161d1000 r-xs 004cb000 07:00 1584700                    /home/nhowell/android-sdk-linux_86/platforms/android-8/android.jar
7f7e161d1000-7f7e161f9000 rwxp 00000000 00:00 0 
7f7e161f9000-7f7e161fa000 ---p 00000000 00:00 0 
7f7e161fa000-7f7e162fa000 rwxp 00000000 00:00 0 
7f7e162fa000-7f7e162fb000 ---p 00000000 00:00 0 
7f7e162fb000-7f7e16406000 rwxp 00000000 00:00 0 
7f7e16406000-7f7e16424000 rwxp 00000000 00:00 0 
7f7e16424000-7f7e1642f000 rwxp 00000000 00:00 0 
7f7e1642f000-7f7e164cc000 rwxp 00000000 00:00 0 
7f7e164cc000-7f7e164d7000 rwxp 00000000 00:00 0 
7f7e164d7000-7f7e164f5000 rwxp 00000000 00:00 0 
7f7e164f5000-7f7e16500000 rwxp 00000000 00:00 0 
7f7e16500000-7f7e1659c000 rwxp 00000000 00:00 0 
7f7e1659c000-7f7e165a2000 rwxp 00000000 00:00 0 
7f7e165a2000-7f7e165f0000 rwxp 00000000 00:00 0 
7f7e165f0000-7f7e16861000 rwxp 00000000 00:00 0 
7f7e16861000-7f7e195f1000 rwxp 00000000 00:00 0 
7f7e195f1000-7f7e195ff000 r-xp 00000000 07:00 663239                     /usr/lib/jvm/java-6-sun-1.6.0.24/jre/lib/amd64/libzip.so
7f7e195ff000-7f7e19701000 ---p 0000e000 07:00 663239                     /usr/lib/jvm/java-6-sun-1.6.0.24/jre/lib/amd64/libzip.so
7f7e19701000-7f7e19704000 rwxp 00010000 07:00 663239                     /usr/lib/jvm/java-6-sun-1.6.0.24/jre/lib/amd64/libzip.so
7f7e19704000-7f7e19705000 rwxp 00000000 00:00 0 
7f7e19705000-7f7e19711000 r-xp 00000000 07:00 1451831                    /lib/libnss_files-2.12.1.so
7f7e19711000-7f7e19910000 ---p 0000c000 07:00 1451831                    /lib/libnss_files-2.12.1.so
7f7e19910000-7f7e19911000 r-xp 0000b000 07:00 1451831                    /lib/libnss_files-2.12.1.so
7f7e19911000-7f7e19912000 rwxp 0000c000 07:00 1451831                    /lib/libnss_files-2.12.1.so
7f7e19912000-7f7e1991c000 r-xp 00000000 07:00 1451826                    /lib/libnss_nis-2.12.1.so
7f7e1991c000-7f7e19b1b000 ---p 0000a000 07:00 1451826                    /lib/libnss_nis-2.12.1.so
7f7e19b1b000-7f7e19b1c000 r-xp 00009000 07:00 1451826                    /lib/libnss_nis-2.12.1.so
7f7e19b1c000-7f7e19b1d000 rwxp 0000a000 07:00 1451826                    /lib/libnss_nis-2.12.1.so
7f7e19b1d000-7f7e19b25000 r-xp 00000000 07:00 1451828                    /lib/libnss_compat-2.12.1.so
7f7e19b25000-7f7e19d24000 ---p 00008000 07:00 1451828                    /lib/libnss_compat-2.12.1.so
7f7e19d24000-7f7e19d25000 r-xp 00007000 07:00 1451828                    /lib/libnss_compat-2.12.1.so
7f7e19d25000-7f7e19d26000 rwxp 00008000 07:00 1451828                    /lib/libnss_compat-2.12.1.so
7f7e19d26000-7f7e19d2d000 r-xp 00000000 07:00 679938                     /usr/lib/jvm/java-6-sun-1.6.0.24/jre/lib/amd64/native_threads/libhpi.so
7f7e19d2d000-7f7e19e2e000 ---p 00007000 07:00 679938                     /usr/lib/jvm/java-6-sun-1.6.0.24/jre/lib/amd64/native_threads/libhpi.so
7f7e19e2e000-7f7e19e30000 rwxp 00008000 07:00 679938                     /usr/lib/jvm/java-6-sun-1.6.0.24/jre/lib/amd64/native_threads/libhpi.so
7f7e19e30000-7f7e19e31000 rwxp 00000000 00:00 0 
7f7e19e31000-7f7e19e48000 r-xp 00000000 07:00 1451830                    /lib/libnsl-2.12.1.so
7f7e19e48000-7f7e1a047000 ---p 00017000 07:00 1451830                    /lib/libnsl-2.12.1.so
7f7e1a047000-7f7e1a048000 r-xp 00016000 07:00 1451830                    /lib/libnsl-2.12.1.so
7f7e1a048000-7f7e1a049000 rwxp 00017000 07:00 1451830                    /lib/libnsl-2.12.1.so
7f7e1a049000-7f7e1a04b000 rwxp 00000000 00:00 0 
7f7e1a04b000-7f7e1a074000 r-xp 00000000 07:00 663238                     /usr/lib/jvm/java-6-sun-1.6.0.24/jre/lib/amd64/libjava.so
7f7e1a074000-7f7e1a173000 ---p 00029000 07:00 663238                     /usr/lib/jvm/java-6-sun-1.6.0.24/jre/lib/amd64/libjava.so
7f7e1a173000-7f7e1a17a000 rwxp 00028000 07:00 663238                     /usr/lib/jvm/java-6-sun-1.6.0.24/jre/lib/amd64/libjava.so
7f7e1a17a000-7f7e1a187000 r-xp 00000000 07:00 660261                     /usr/lib/jvm/java-6-sun-1.6.0.24/jre/lib/amd64/libverify.so
7f7e1a187000-7f7e1a286000 ---p 0000d000 07:00 660261                     /usr/lib/jvm/java-6-sun-1.6.0.24/jre/lib/amd64/libverify.so
7f7e1a286000-7f7e1a289000 rwxp 0000c000 07:00 660261                     /usr/lib/jvm/java-6-sun-1.6.0.24/jre/lib/amd64/libverify.so
7f7e1a289000-7f7e1a290000 r-xp 00000000 07:00 1446692                    /lib/librt-2.12.1.so
7f7e1a290000-7f7e1a48f000 ---p 00007000 07:00 1446692                    /lib/librt-2.12.1.so
7f7e1a48f000-7f7e1a490000 r-xp 00006000 07:00 1446692                    /lib/librt-2.12.1.so
7f7e1a490000-7f7e1a491000 rwxp 00007000 07:00 1446692                    /lib/librt-2.12.1.so
7f7e1a491000-7f7e1a494000 ---p 00000000 00:00 0 
7f7e1a494000-7f7e1a592000 rwxp 00000000 00:00 0 
7f7e1a592000-7f7e1a614000 r-xp 00000000 07:00 1446726                    /lib/libm-2.12.1.so
7f7e1a614000-7f7e1a813000 ---p 00082000 07:00 1446726                    /lib/libm-2.12.1.so
7f7e1a813000-7f7e1a814000 r-xp 00081000 07:00 1446726                    /lib/libm-2.12.1.so
7f7e1a814000-7f7e1a815000 rwxp 00082000 07:00 1446726                    /lib/libm-2.12.1.so
7f7e1a815000-7f7e1b053000 r-xp 00000000 07:00 663641                     /usr/lib/jvm/java-6-sun-1.6.0.24/jre/lib/amd64/server/libjvm.so
7f7e1b053000-7f7e1b152000 ---p 0083e000 07:00 663641                     /usr/lib/jvm/java-6-sun-1.6.0.24/jre/lib/amd64/server/libjvm.so
7f7e1b152000-7f7e1b2e6000 rwxp 0083d000 07:00 663641                     /usr/lib/jvm/java-6-sun-1.6.0.24/jre/lib/amd64/server/libjvm.so
7f7e1b2e6000-7f7e1b31f000 rwxp 00000000 00:00 0 
7f7e1b31f000-7f7e1b499000 r-xp 00000000 07:00 1446696                    /lib/libc-2.12.1.so
7f7e1b499000-7f7e1b698000 ---p 0017a000 07:00 1446696                    /lib/libc-2.12.1.so
7f7e1b698000-7f7e1b69c000 r-xp 00179000 07:00 1446696                    /lib/libc-2.12.1.so
7f7e1b69c000-7f7e1b69d000 rwxp 0017d000 07:00 1446696                    /lib/libc-2.12.1.so
7f7e1b69d000-7f7e1b6a2000 rwxp 00000000 00:00 0 
7f7e1b6a2000-7f7e1b6a4000 r-xp 00000000 07:00 1451833                    /lib/libdl-2.12.1.so
7f7e1b6a4000-7f7e1b8a4000 ---p 00002000 07:00 1451833                    /lib/libdl-2.12.1.so
7f7e1b8a4000-7f7e1b8a5000 r-xp 00002000 07:00 1451833                    /lib/libdl-2.12.1.so
7f7e1b8a5000-7f7e1b8a6000 rwxp 00003000 07:00 1451833                    /lib/libdl-2.12.1.so
7f7e1b8a6000-7f7e1b8be000 r-xp 00000000 07:00 1446701                    /lib/libpthread-2.12.1.so
7f7e1b8be000-7f7e1babd000 ---p 00018000 07:00 1446701                    /lib/libpthread-2.12.1.so
7f7e1babd000-7f7e1babe000 r-xp 00017000 07:00 1446701                    /lib/libpthread-2.12.1.so
7f7e1babe000-7f7e1babf000 rwxp 00018000 07:00 1446701                    /lib/libpthread-2.12.1.so
7f7e1babf000-7f7e1bac3000 rwxp 00000000 00:00 0 
7f7e1bac3000-7f7e1bae3000 r-xp 00000000 07:00 1446778                    /lib/ld-2.12.1.so
7f7e1baf7000-7f7e1bb01000 rwxp 00000000 00:00 0 
7f7e1bb01000-7f7e1bbb7000 rwxp 00000000 00:00 0 
7f7e1bbb7000-7f7e1bbba000 rwxp 00000000 00:00 0 
7f7e1bbba000-7f7e1bbc1000 r-xp 00000000 07:00 660258                     /usr/lib/jvm/java-6-sun-1.6.0.24/jre/lib/amd64/jli/libjli.so
7f7e1bbc1000-7f7e1bcc2000 ---p 00007000 07:00 660258                     /usr/lib/jvm/java-6-sun-1.6.0.24/jre/lib/amd64/jli/libjli.so
7f7e1bcc2000-7f7e1bcc4000 rwxp 00008000 07:00 660258                     /usr/lib/jvm/java-6-sun-1.6.0.24/jre/lib/amd64/jli/libjli.so
7f7e1bcc4000-7f7e1bcc5000 rwxp 00000000 00:00 0 
7f7e1bcd7000-7f7e1bcdf000 rwxs 00000000 07:00 9665                       /tmp/hsperfdata_nhowell/12350
7f7e1bcdf000-7f7e1bce0000 rwxp 00000000 00:00 0 
7f7e1bce0000-7f7e1bce1000 r-xp 00000000 00:00 0 
7f7e1bce1000-7f7e1bce3000 rwxp 00000000 00:00 0 
7f7e1bce3000-7f7e1bce4000 r-xp 00020000 07:00 1446778                    /lib/ld-2.12.1.so
7f7e1bce4000-7f7e1bce5000 rwxp 00021000 07:00 1446778                    /lib/ld-2.12.1.so
7f7e1bce5000-7f7e1bce6000 rwxp 00000000 00:00 0 
7fff57e6e000-7fff57e8f000 rwxp 00000000 00:00 0                          [stack]
7fff57fd3000-7fff57fd4000 r-xp 00000000 00:00 0                          [vdso]
ffffffffff600000-ffffffffff601000 r-xp 00000000 00:00 0                  [vsyscall]

VM Arguments:
jvm_args: -Dfile.encoding=UTF-8 -Xbootclasspath:/home/nhowell/android-sdk-linux_86/platforms/android-8/android.jar 
java_command: us.noura.example.Yelp
Launcher Type: SUN_STANDARD

Environment Variables:
PATH=/usr/local/sbin:/usr/local/bin:/usr/sbin:/usr/bin:/sbin:/bin:/usr/games
USERNAME=nhowell
LD_LIBRARY_PATH=/usr/lib/jvm/java-6-sun-1.6.0.24/jre/lib/amd64/server:/usr/lib/jvm/java-6-sun-1.6.0.24/jre/lib/amd64:/usr/lib/jvm/java-6-sun-1.6.0.24/jre/../lib/amd64:/usr/lib/xulrunner-1.9.2.16
SHELL=/bin/bash
DISPLAY=:1.0

Signal Handlers:
SIGSEGV: [libjvm.so+0x791b30], sa_mask[0]=0x7ffbfeff, sa_flags=0x10000004
SIGBUS: [libjvm.so+0x791b30], sa_mask[0]=0x7ffbfeff, sa_flags=0x10000004
SIGFPE: [libjvm.so+0x640ba0], sa_mask[0]=0x7ffbfeff, sa_flags=0x10000004
SIGPIPE: [libjvm.so+0x640ba0], sa_mask[0]=0x7ffbfeff, sa_flags=0x10000004
SIGXFSZ: [libjvm.so+0x640ba0], sa_mask[0]=0x7ffbfeff, sa_flags=0x10000004
SIGILL: [libjvm.so+0x640ba0], sa_mask[0]=0x7ffbfeff, sa_flags=0x10000004
SIGUSR1: SIG_DFL, sa_mask[0]=0x00000000, sa_flags=0x00000000
SIGUSR2: [libjvm.so+0x643780], sa_mask[0]=0x00000004, sa_flags=0x10000004
SIGHUP: SIG_DFL, sa_mask[0]=0x00000000, sa_flags=0x00000000
SIGINT: SIG_DFL, sa_mask[0]=0x00000000, sa_flags=0x00000000
SIGTERM: SIG_DFL, sa_mask[0]=0x00000000, sa_flags=0x00000000
SIGQUIT: SIG_DFL, sa_mask[0]=0x00000000, sa_flags=0x00000000


---------------  S Y S T E M  ---------------

OS:squeeze/sid

uname:Linux 2.6.35-28-generic #49-Ubuntu SMP Tue Mar 1 14:39:03 UTC 2011 x86_64
libc:glibc 2.12.1 NPTL 2.12.1 
rlimit: STACK 8192k, CORE 0k, NPROC infinity, NOFILE 1024, AS infinity
load average:0.16 0.17 0.19

/proc/meminfo:
MemTotal:        2055500 kB
MemFree:          307216 kB
Buffers:           80928 kB
Cached:           160440 kB
SwapCached:          700 kB
Active:          1032496 kB
Inactive:         556180 kB
Active(anon):     951536 kB
Inactive(anon):   413412 kB
Active(file):      80960 kB
Inactive(file):   142768 kB
Unevictable:        2412 kB
Mlocked:              16 kB
SwapTotal:        261116 kB
SwapFree:         249772 kB
Dirty:               764 kB
Writeback:             0 kB
AnonPages:       1349164 kB
Mapped:            68848 kB
Shmem:             15196 kB
Slab:              46236 kB
SReclaimable:      24792 kB
SUnreclaim:        21444 kB
KernelStack:        2704 kB
PageTables:        23932 kB
NFS_Unstable:          0 kB
Bounce:                0 kB
WritebackTmp:          0 kB
CommitLimit:     1288864 kB
Committed_AS:    2506268 kB
VmallocTotal:   34359738367 kB
VmallocUsed:      122912 kB
VmallocChunk:   34359581180 kB
HardwareCorrupted:     0 kB
HugePages_Total:       0
HugePages_Free:        0
HugePages_Rsvd:        0
HugePages_Surp:        0
Hugepagesize:       2048 kB
DirectMap4k:      381292 kB
DirectMap2M:     1714176 kB


CPU:total 2 (2 cores per cpu, 1 threads per core) family 6 model 23 stepping 6, cmov, cx8, fxsr, mmx, sse, sse2, sse3, ssse3, sse4.1

Memory: 4k page, physical 2055500k(307216k free), swap 261116k(249772k free)

vm_info: Java HotSpot(TM) 64-Bit Server VM (19.1-b02) for linux-amd64 JRE (1.6.0_24-b07), built on Feb  2 2011 16:55:54 by "java_re" with gcc 3.2.2 (SuSE Linux)

time: Sun Apr 10 16:35:10 2011
elapsed time: 0 seconds

