#
# A fatal error has been detected by the Java Runtime Environment:
#
#  Internal Error (classFileParser.cpp:3375), pid=12411, tid=140683039643392
#  Error: ShouldNotReachHere()
#
# JRE version: 6.0_24-b07
# Java VM: Java HotSpot(TM) 64-Bit Server VM (19.1-b02 mixed mode linux-amd64 compressed oops)
# If you would like to submit a bug report, please visit:
#   http://java.sun.com/webapps/bugreport/crash.jsp
#

---------------  T H R E A D  ---------------

Current thread (0x00000000415c3000):  JavaThread "Unknown thread" [_thread_in_vm, id=12413, stack(0x00007ff3528a9000,0x00007ff3529aa000)]

Stack: [0x00007ff3528a9000,0x00007ff3529aa000],  sp=0x00007ff3529a8120,  free space=1020k
Native frames: (J=compiled Java code, j=interpreted, Vv=VM code, C=native code)
V  [libjvm.so+0x790f75]
V  [libjvm.so+0x3250b6]
V  [libjvm.so+0x2b12d5]
V  [libjvm.so+0x2b780f]
V  [libjvm.so+0x71f63f]
V  [libjvm.so+0x71d625]
V  [libjvm.so+0x71c3b1]
V  [libjvm.so+0x71bfc4]
V  [libjvm.so+0x720e20]
V  [libjvm.so+0x720eb5]
V  [libjvm.so+0x720f95]
V  [libjvm.so+0x720d58]
V  [libjvm.so+0x767808]
V  [libjvm.so+0x769719]
V  [libjvm.so+0x3eb7bc]
V  [libjvm.so+0x74fbef]
V  [libjvm.so+0x457cb0]


---------------  P R O C E S S  ---------------

Java Threads: ( => current thread )

Other Threads:

=>0x00000000415c3000 (exited) JavaThread "Unknown thread" [_thread_in_vm, id=12413, stack(0x00007ff3528a9000,0x00007ff3529aa000)]

VM state:not at safepoint (not fully initialized)

VM Mutex/Monitor currently owned by a thread: None

Dynamic libraries:
40000000-40009000 r-xp 00000000 07:00 393504                             /usr/lib/jvm/java-6-sun-1.6.0.24/jre/bin/java
40108000-4010a000 rwxp 00008000 07:00 393504                             /usr/lib/jvm/java-6-sun-1.6.0.24/jre/bin/java
415ba000-4162b000 rwxp 00000000 00:00 0                                  [heap]
db800000-dccc0000 rwxp 00000000 00:00 0 
dccc0000-e0a00000 rwxp 00000000 00:00 0 
e0a00000-e1ef0000 rwxp 00000000 00:00 0 
e1ef0000-f58b0000 rwxp 00000000 00:00 0 
f58b0000-f6320000 rwxp 00000000 00:00 0 
f6320000-100000000 rwxp 00000000 00:00 0 
7ff34e584000-7ff34e5e9000 r-xs 004cb000 07:00 1584700                    /home/nhowell/android-sdk-linux_86/platforms/android-8/android.jar
7ff34e5e9000-7ff34e611000 rwxp 00000000 00:00 0 
7ff34e611000-7ff34e612000 ---p 00000000 00:00 0 
7ff34e612000-7ff34e712000 rwxp 00000000 00:00 0 
7ff34e712000-7ff34e713000 ---p 00000000 00:00 0 
7ff34e713000-7ff34e81e000 rwxp 00000000 00:00 0 
7ff34e81e000-7ff34e83c000 rwxp 00000000 00:00 0 
7ff34e83c000-7ff34e847000 rwxp 00000000 00:00 0 
7ff34e847000-7ff34e8e4000 rwxp 00000000 00:00 0 
7ff34e8e4000-7ff34e8ef000 rwxp 00000000 00:00 0 
7ff34e8ef000-7ff34e90d000 rwxp 00000000 00:00 0 
7ff34e90d000-7ff34e918000 rwxp 00000000 00:00 0 
7ff34e918000-7ff34e9b4000 rwxp 00000000 00:00 0 
7ff34e9b4000-7ff34e9ba000 rwxp 00000000 00:00 0 
7ff34e9ba000-7ff34ea08000 rwxp 00000000 00:00 0 
7ff34ea08000-7ff34ec79000 rwxp 00000000 00:00 0 
7ff34ec79000-7ff351a09000 rwxp 00000000 00:00 0 
7ff351a09000-7ff351a17000 r-xp 00000000 07:00 663239                     /usr/lib/jvm/java-6-sun-1.6.0.24/jre/lib/amd64/libzip.so
7ff351a17000-7ff351b19000 ---p 0000e000 07:00 663239                     /usr/lib/jvm/java-6-sun-1.6.0.24/jre/lib/amd64/libzip.so
7ff351b19000-7ff351b1c000 rwxp 00010000 07:00 663239                     /usr/lib/jvm/java-6-sun-1.6.0.24/jre/lib/amd64/libzip.so
7ff351b1c000-7ff351b1d000 rwxp 00000000 00:00 0 
7ff351b1d000-7ff351b29000 r-xp 00000000 07:00 1451831                    /lib/libnss_files-2.12.1.so
7ff351b29000-7ff351d28000 ---p 0000c000 07:00 1451831                    /lib/libnss_files-2.12.1.so
7ff351d28000-7ff351d29000 r-xp 0000b000 07:00 1451831                    /lib/libnss_files-2.12.1.so
7ff351d29000-7ff351d2a000 rwxp 0000c000 07:00 1451831                    /lib/libnss_files-2.12.1.so
7ff351d2a000-7ff351d34000 r-xp 00000000 07:00 1451826                    /lib/libnss_nis-2.12.1.so
7ff351d34000-7ff351f33000 ---p 0000a000 07:00 1451826                    /lib/libnss_nis-2.12.1.so
7ff351f33000-7ff351f34000 r-xp 00009000 07:00 1451826                    /lib/libnss_nis-2.12.1.so
7ff351f34000-7ff351f35000 rwxp 0000a000 07:00 1451826                    /lib/libnss_nis-2.12.1.so
7ff351f35000-7ff351f3d000 r-xp 00000000 07:00 1451828                    /lib/libnss_compat-2.12.1.so
7ff351f3d000-7ff35213c000 ---p 00008000 07:00 1451828                    /lib/libnss_compat-2.12.1.so
7ff35213c000-7ff35213d000 r-xp 00007000 07:00 1451828                    /lib/libnss_compat-2.12.1.so
7ff35213d000-7ff35213e000 rwxp 00008000 07:00 1451828                    /lib/libnss_compat-2.12.1.so
7ff35213e000-7ff352145000 r-xp 00000000 07:00 679938                     /usr/lib/jvm/java-6-sun-1.6.0.24/jre/lib/amd64/native_threads/libhpi.so
7ff352145000-7ff352246000 ---p 00007000 07:00 679938                     /usr/lib/jvm/java-6-sun-1.6.0.24/jre/lib/amd64/native_threads/libhpi.so
7ff352246000-7ff352248000 rwxp 00008000 07:00 679938                     /usr/lib/jvm/java-6-sun-1.6.0.24/jre/lib/amd64/native_threads/libhpi.so
7ff352248000-7ff352249000 rwxp 00000000 00:00 0 
7ff352249000-7ff352260000 r-xp 00000000 07:00 1451830                    /lib/libnsl-2.12.1.so
7ff352260000-7ff35245f000 ---p 00017000 07:00 1451830                    /lib/libnsl-2.12.1.so
7ff35245f000-7ff352460000 r-xp 00016000 07:00 1451830                    /lib/libnsl-2.12.1.so
7ff352460000-7ff352461000 rwxp 00017000 07:00 1451830                    /lib/libnsl-2.12.1.so
7ff352461000-7ff352463000 rwxp 00000000 00:00 0 
7ff352463000-7ff35248c000 r-xp 00000000 07:00 663238                     /usr/lib/jvm/java-6-sun-1.6.0.24/jre/lib/amd64/libjava.so
7ff35248c000-7ff35258b000 ---p 00029000 07:00 663238                     /usr/lib/jvm/java-6-sun-1.6.0.24/jre/lib/amd64/libjava.so
7ff35258b000-7ff352592000 rwxp 00028000 07:00 663238                     /usr/lib/jvm/java-6-sun-1.6.0.24/jre/lib/amd64/libjava.so
7ff352592000-7ff35259f000 r-xp 00000000 07:00 660261                     /usr/lib/jvm/java-6-sun-1.6.0.24/jre/lib/amd64/libverify.so
7ff35259f000-7ff35269e000 ---p 0000d000 07:00 660261                     /usr/lib/jvm/java-6-sun-1.6.0.24/jre/lib/amd64/libverify.so
7ff35269e000-7ff3526a1000 rwxp 0000c000 07:00 660261                     /usr/lib/jvm/java-6-sun-1.6.0.24/jre/lib/amd64/libverify.so
7ff3526a1000-7ff3526a8000 r-xp 00000000 07:00 1446692                    /lib/librt-2.12.1.so
7ff3526a8000-7ff3528a7000 ---p 00007000 07:00 1446692                    /lib/librt-2.12.1.so
7ff3528a7000-7ff3528a8000 r-xp 00006000 07:00 1446692                    /lib/librt-2.12.1.so
7ff3528a8000-7ff3528a9000 rwxp 00007000 07:00 1446692                    /lib/librt-2.12.1.so
7ff3528a9000-7ff3528ac000 ---p 00000000 00:00 0 
7ff3528ac000-7ff3529aa000 rwxp 00000000 00:00 0 
7ff3529aa000-7ff352a2c000 r-xp 00000000 07:00 1446726                    /lib/libm-2.12.1.so
7ff352a2c000-7ff352c2b000 ---p 00082000 07:00 1446726                    /lib/libm-2.12.1.so
7ff352c2b000-7ff352c2c000 r-xp 00081000 07:00 1446726                    /lib/libm-2.12.1.so
7ff352c2c000-7ff352c2d000 rwxp 00082000 07:00 1446726                    /lib/libm-2.12.1.so
7ff352c2d000-7ff35346b000 r-xp 00000000 07:00 663641                     /usr/lib/jvm/java-6-sun-1.6.0.24/jre/lib/amd64/server/libjvm.so
7ff35346b000-7ff35356a000 ---p 0083e000 07:00 663641                     /usr/lib/jvm/java-6-sun-1.6.0.24/jre/lib/amd64/server/libjvm.so
7ff35356a000-7ff3536fe000 rwxp 0083d000 07:00 663641                     /usr/lib/jvm/java-6-sun-1.6.0.24/jre/lib/amd64/server/libjvm.so
7ff3536fe000-7ff353737000 rwxp 00000000 00:00 0 
7ff353737000-7ff3538b1000 r-xp 00000000 07:00 1446696                    /lib/libc-2.12.1.so
7ff3538b1000-7ff353ab0000 ---p 0017a000 07:00 1446696                    /lib/libc-2.12.1.so
7ff353ab0000-7ff353ab4000 r-xp 00179000 07:00 1446696                    /lib/libc-2.12.1.so
7ff353ab4000-7ff353ab5000 rwxp 0017d000 07:00 1446696                    /lib/libc-2.12.1.so
7ff353ab5000-7ff353aba000 rwxp 00000000 00:00 0 
7ff353aba000-7ff353abc000 r-xp 00000000 07:00 1451833                    /lib/libdl-2.12.1.so
7ff353abc000-7ff353cbc000 ---p 00002000 07:00 1451833                    /lib/libdl-2.12.1.so
7ff353cbc000-7ff353cbd000 r-xp 00002000 07:00 1451833                    /lib/libdl-2.12.1.so
7ff353cbd000-7ff353cbe000 rwxp 00003000 07:00 1451833                    /lib/libdl-2.12.1.so
7ff353cbe000-7ff353cd6000 r-xp 00000000 07:00 1446701                    /lib/libpthread-2.12.1.so
7ff353cd6000-7ff353ed5000 ---p 00018000 07:00 1446701                    /lib/libpthread-2.12.1.so
7ff353ed5000-7ff353ed6000 r-xp 00017000 07:00 1446701                    /lib/libpthread-2.12.1.so
7ff353ed6000-7ff353ed7000 rwxp 00018000 07:00 1446701                    /lib/libpthread-2.12.1.so
7ff353ed7000-7ff353edb000 rwxp 00000000 00:00 0 
7ff353edb000-7ff353efb000 r-xp 00000000 07:00 1446778                    /lib/ld-2.12.1.so
7ff353f0f000-7ff353f19000 rwxp 00000000 00:00 0 
7ff353f19000-7ff353fcf000 rwxp 00000000 00:00 0 
7ff353fcf000-7ff353fd2000 rwxp 00000000 00:00 0 
7ff353fd2000-7ff353fd9000 r-xp 00000000 07:00 660258                     /usr/lib/jvm/java-6-sun-1.6.0.24/jre/lib/amd64/jli/libjli.so
7ff353fd9000-7ff3540da000 ---p 00007000 07:00 660258                     /usr/lib/jvm/java-6-sun-1.6.0.24/jre/lib/amd64/jli/libjli.so
7ff3540da000-7ff3540dc000 rwxp 00008000 07:00 660258                     /usr/lib/jvm/java-6-sun-1.6.0.24/jre/lib/amd64/jli/libjli.so
7ff3540dc000-7ff3540dd000 rwxp 00000000 00:00 0 
7ff3540ef000-7ff3540f7000 rwxs 00000000 07:00 9668                       /tmp/hsperfdata_nhowell/12411
7ff3540f7000-7ff3540f8000 rwxp 00000000 00:00 0 
7ff3540f8000-7ff3540f9000 r-xp 00000000 00:00 0 
7ff3540f9000-7ff3540fb000 rwxp 00000000 00:00 0 
7ff3540fb000-7ff3540fc000 r-xp 00020000 07:00 1446778                    /lib/ld-2.12.1.so
7ff3540fc000-7ff3540fd000 rwxp 00021000 07:00 1446778                    /lib/ld-2.12.1.so
7ff3540fd000-7ff3540fe000 rwxp 00000000 00:00 0 
7fff9f3e1000-7fff9f402000 rwxp 00000000 00:00 0                          [stack]
7fff9f5b2000-7fff9f5b3000 r-xp 00000000 00:00 0                          [vdso]
ffffffffff600000-ffffffffff601000 r-xp 00000000 00:00 0                  [vsyscall]

VM Arguments:
jvm_args: -Dfile.encoding=UTF-8 -Xbootclasspath:/home/nhowell/android-sdk-linux_86/platforms/android-8/android.jar 
java_command: us.noura.example.Yelp
Launcher Type: SUN_STANDARD

Environment Variables:
PATH=/usr/local/sbin:/usr/local/bin:/usr/sbin:/usr/bin:/sbin:/bin:/usr/games
USERNAME=nhowell
LD_LIBRARY_PATH=/usr/lib/jvm/java-6-sun-1.6.0.24/jre/lib/amd64/server:/usr/lib/jvm/java-6-sun-1.6.0.24/jre/lib/amd64:/usr/lib/jvm/java-6-sun-1.6.0.24/jre/../lib/amd64:/usr/lib/xulrunner-1.9.2.16
SHELL=/bin/bash
DISPLAY=:1.0

Signal Handlers:
SIGSEGV: [libjvm.so+0x791b30], sa_mask[0]=0x7ffbfeff, sa_flags=0x10000004
SIGBUS: [libjvm.so+0x791b30], sa_mask[0]=0x7ffbfeff, sa_flags=0x10000004
SIGFPE: [libjvm.so+0x640ba0], sa_mask[0]=0x7ffbfeff, sa_flags=0x10000004
SIGPIPE: [libjvm.so+0x640ba0], sa_mask[0]=0x7ffbfeff, sa_flags=0x10000004
SIGXFSZ: [libjvm.so+0x640ba0], sa_mask[0]=0x7ffbfeff, sa_flags=0x10000004
SIGILL: [libjvm.so+0x640ba0], sa_mask[0]=0x7ffbfeff, sa_flags=0x10000004
SIGUSR1: SIG_DFL, sa_mask[0]=0x00000000, sa_flags=0x00000000
SIGUSR2: [libjvm.so+0x643780], sa_mask[0]=0x00000004, sa_flags=0x10000004
SIGHUP: SIG_DFL, sa_mask[0]=0x00000000, sa_flags=0x00000000
SIGINT: SIG_DFL, sa_mask[0]=0x00000000, sa_flags=0x00000000
SIGTERM: SIG_DFL, sa_mask[0]=0x00000000, sa_flags=0x00000000
SIGQUIT: SIG_DFL, sa_mask[0]=0x00000000, sa_flags=0x00000000


---------------  S Y S T E M  ---------------

OS:squeeze/sid

uname:Linux 2.6.35-28-generic #49-Ubuntu SMP Tue Mar 1 14:39:03 UTC 2011 x86_64
libc:glibc 2.12.1 NPTL 2.12.1 
rlimit: STACK 8192k, CORE 0k, NPROC infinity, NOFILE 1024, AS infinity
load average:0.11 0.14 0.17

/proc/meminfo:
MemTotal:        2055500 kB
MemFree:          268476 kB
Buffers:          100916 kB
Cached:           177752 kB
SwapCached:          696 kB
Active:          1038236 kB
Inactive:         589380 kB
Active(anon):     953208 kB
Inactive(anon):   413736 kB
Active(file):      85028 kB
Inactive(file):   175644 kB
Unevictable:        2412 kB
Mlocked:              16 kB
SwapTotal:        261116 kB
SwapFree:         249780 kB
Dirty:               152 kB
Writeback:             0 kB
AnonPages:       1350768 kB
Mapped:            68596 kB
Shmem:             15520 kB
Slab:              46340 kB
SReclaimable:      24876 kB
SUnreclaim:        21464 kB
KernelStack:        2656 kB
PageTables:        24012 kB
NFS_Unstable:          0 kB
Bounce:                0 kB
WritebackTmp:          0 kB
CommitLimit:     1288864 kB
Committed_AS:    2505364 kB
VmallocTotal:   34359738367 kB
VmallocUsed:      122912 kB
VmallocChunk:   34359581180 kB
HardwareCorrupted:     0 kB
HugePages_Total:       0
HugePages_Free:        0
HugePages_Rsvd:        0
HugePages_Surp:        0
Hugepagesize:       2048 kB
DirectMap4k:      381292 kB
DirectMap2M:     1714176 kB


CPU:total 2 (2 cores per cpu, 1 threads per core) family 6 model 23 stepping 6, cmov, cx8, fxsr, mmx, sse, sse2, sse3, ssse3, sse4.1

Memory: 4k page, physical 2055500k(268476k free), swap 261116k(249780k free)

vm_info: Java HotSpot(TM) 64-Bit Server VM (19.1-b02) for linux-amd64 JRE (1.6.0_24-b07), built on Feb  2 2011 16:55:54 by "java_re" with gcc 3.2.2 (SuSE Linux)

time: Sun Apr 10 16:38:09 2011
elapsed time: 0 seconds

