#
# A fatal error has been detected by the Java Runtime Environment:
#
#  Internal Error (classFileParser.cpp:3375), pid=12421, tid=140458377500416
#  Error: ShouldNotReachHere()
#
# JRE version: 6.0_24-b07
# Java VM: Java HotSpot(TM) 64-Bit Server VM (19.1-b02 mixed mode linux-amd64 compressed oops)
# If you would like to submit a bug report, please visit:
#   http://java.sun.com/webapps/bugreport/crash.jsp
#

---------------  T H R E A D  ---------------

Current thread (0x0000000042015000):  JavaThread "Unknown thread" [_thread_in_vm, id=12424, stack(0x00007fbf03a25000,0x00007fbf03b26000)]

Stack: [0x00007fbf03a25000,0x00007fbf03b26000],  sp=0x00007fbf03b24120,  free space=1020k
Native frames: (J=compiled Java code, j=interpreted, Vv=VM code, C=native code)
V  [libjvm.so+0x790f75]
V  [libjvm.so+0x3250b6]
V  [libjvm.so+0x2b12d5]
V  [libjvm.so+0x2b780f]
V  [libjvm.so+0x71f63f]
V  [libjvm.so+0x71d625]
V  [libjvm.so+0x71c3b1]
V  [libjvm.so+0x71bfc4]
V  [libjvm.so+0x720e20]
V  [libjvm.so+0x720eb5]
V  [libjvm.so+0x720f95]
V  [libjvm.so+0x720d58]
V  [libjvm.so+0x767808]
V  [libjvm.so+0x769719]
V  [libjvm.so+0x3eb7bc]
V  [libjvm.so+0x74fbef]
V  [libjvm.so+0x457cb0]


---------------  P R O C E S S  ---------------

Java Threads: ( => current thread )

Other Threads:

=>0x0000000042015000 (exited) JavaThread "Unknown thread" [_thread_in_vm, id=12424, stack(0x00007fbf03a25000,0x00007fbf03b26000)]

VM state:not at safepoint (not fully initialized)

VM Mutex/Monitor currently owned by a thread: None

Dynamic libraries:
40000000-40009000 r-xp 00000000 07:00 393504                             /usr/lib/jvm/java-6-sun-1.6.0.24/jre/bin/java
40108000-4010a000 rwxp 00008000 07:00 393504                             /usr/lib/jvm/java-6-sun-1.6.0.24/jre/bin/java
4200c000-4207d000 rwxp 00000000 00:00 0                                  [heap]
db800000-dccc0000 rwxp 00000000 00:00 0 
dccc0000-e0a00000 rwxp 00000000 00:00 0 
e0a00000-e1ef0000 rwxp 00000000 00:00 0 
e1ef0000-f58b0000 rwxp 00000000 00:00 0 
f58b0000-f6320000 rwxp 00000000 00:00 0 
f6320000-100000000 rwxp 00000000 00:00 0 
7fbeff700000-7fbeff765000 r-xs 004cb000 07:00 1584700                    /home/nhowell/android-sdk-linux_86/platforms/android-8/android.jar
7fbeff765000-7fbeff78d000 rwxp 00000000 00:00 0 
7fbeff78d000-7fbeff78e000 ---p 00000000 00:00 0 
7fbeff78e000-7fbeff88e000 rwxp 00000000 00:00 0 
7fbeff88e000-7fbeff88f000 ---p 00000000 00:00 0 
7fbeff88f000-7fbeff99a000 rwxp 00000000 00:00 0 
7fbeff99a000-7fbeff9b8000 rwxp 00000000 00:00 0 
7fbeff9b8000-7fbeff9c3000 rwxp 00000000 00:00 0 
7fbeff9c3000-7fbeffa60000 rwxp 00000000 00:00 0 
7fbeffa60000-7fbeffa6b000 rwxp 00000000 00:00 0 
7fbeffa6b000-7fbeffa89000 rwxp 00000000 00:00 0 
7fbeffa89000-7fbeffa94000 rwxp 00000000 00:00 0 
7fbeffa94000-7fbeffb30000 rwxp 00000000 00:00 0 
7fbeffb30000-7fbeffb36000 rwxp 00000000 00:00 0 
7fbeffb36000-7fbeffb84000 rwxp 00000000 00:00 0 
7fbeffb84000-7fbeffdf5000 rwxp 00000000 00:00 0 
7fbeffdf5000-7fbf02b85000 rwxp 00000000 00:00 0 
7fbf02b85000-7fbf02b93000 r-xp 00000000 07:00 663239                     /usr/lib/jvm/java-6-sun-1.6.0.24/jre/lib/amd64/libzip.so
7fbf02b93000-7fbf02c95000 ---p 0000e000 07:00 663239                     /usr/lib/jvm/java-6-sun-1.6.0.24/jre/lib/amd64/libzip.so
7fbf02c95000-7fbf02c98000 rwxp 00010000 07:00 663239                     /usr/lib/jvm/java-6-sun-1.6.0.24/jre/lib/amd64/libzip.so
7fbf02c98000-7fbf02c99000 rwxp 00000000 00:00 0 
7fbf02c99000-7fbf02ca5000 r-xp 00000000 07:00 1451831                    /lib/libnss_files-2.12.1.so
7fbf02ca5000-7fbf02ea4000 ---p 0000c000 07:00 1451831                    /lib/libnss_files-2.12.1.so
7fbf02ea4000-7fbf02ea5000 r-xp 0000b000 07:00 1451831                    /lib/libnss_files-2.12.1.so
7fbf02ea5000-7fbf02ea6000 rwxp 0000c000 07:00 1451831                    /lib/libnss_files-2.12.1.so
7fbf02ea6000-7fbf02eb0000 r-xp 00000000 07:00 1451826                    /lib/libnss_nis-2.12.1.so
7fbf02eb0000-7fbf030af000 ---p 0000a000 07:00 1451826                    /lib/libnss_nis-2.12.1.so
7fbf030af000-7fbf030b0000 r-xp 00009000 07:00 1451826                    /lib/libnss_nis-2.12.1.so
7fbf030b0000-7fbf030b1000 rwxp 0000a000 07:00 1451826                    /lib/libnss_nis-2.12.1.so
7fbf030b1000-7fbf030b9000 r-xp 00000000 07:00 1451828                    /lib/libnss_compat-2.12.1.so
7fbf030b9000-7fbf032b8000 ---p 00008000 07:00 1451828                    /lib/libnss_compat-2.12.1.so
7fbf032b8000-7fbf032b9000 r-xp 00007000 07:00 1451828                    /lib/libnss_compat-2.12.1.so
7fbf032b9000-7fbf032ba000 rwxp 00008000 07:00 1451828                    /lib/libnss_compat-2.12.1.so
7fbf032ba000-7fbf032c1000 r-xp 00000000 07:00 679938                     /usr/lib/jvm/java-6-sun-1.6.0.24/jre/lib/amd64/native_threads/libhpi.so
7fbf032c1000-7fbf033c2000 ---p 00007000 07:00 679938                     /usr/lib/jvm/java-6-sun-1.6.0.24/jre/lib/amd64/native_threads/libhpi.so
7fbf033c2000-7fbf033c4000 rwxp 00008000 07:00 679938                     /usr/lib/jvm/java-6-sun-1.6.0.24/jre/lib/amd64/native_threads/libhpi.so
7fbf033c4000-7fbf033c5000 rwxp 00000000 00:00 0 
7fbf033c5000-7fbf033dc000 r-xp 00000000 07:00 1451830                    /lib/libnsl-2.12.1.so
7fbf033dc000-7fbf035db000 ---p 00017000 07:00 1451830                    /lib/libnsl-2.12.1.so
7fbf035db000-7fbf035dc000 r-xp 00016000 07:00 1451830                    /lib/libnsl-2.12.1.so
7fbf035dc000-7fbf035dd000 rwxp 00017000 07:00 1451830                    /lib/libnsl-2.12.1.so
7fbf035dd000-7fbf035df000 rwxp 00000000 00:00 0 
7fbf035df000-7fbf03608000 r-xp 00000000 07:00 663238                     /usr/lib/jvm/java-6-sun-1.6.0.24/jre/lib/amd64/libjava.so
7fbf03608000-7fbf03707000 ---p 00029000 07:00 663238                     /usr/lib/jvm/java-6-sun-1.6.0.24/jre/lib/amd64/libjava.so
7fbf03707000-7fbf0370e000 rwxp 00028000 07:00 663238                     /usr/lib/jvm/java-6-sun-1.6.0.24/jre/lib/amd64/libjava.so
7fbf0370e000-7fbf0371b000 r-xp 00000000 07:00 660261                     /usr/lib/jvm/java-6-sun-1.6.0.24/jre/lib/amd64/libverify.so
7fbf0371b000-7fbf0381a000 ---p 0000d000 07:00 660261                     /usr/lib/jvm/java-6-sun-1.6.0.24/jre/lib/amd64/libverify.so
7fbf0381a000-7fbf0381d000 rwxp 0000c000 07:00 660261                     /usr/lib/jvm/java-6-sun-1.6.0.24/jre/lib/amd64/libverify.so
7fbf0381d000-7fbf03824000 r-xp 00000000 07:00 1446692                    /lib/librt-2.12.1.so
7fbf03824000-7fbf03a23000 ---p 00007000 07:00 1446692                    /lib/librt-2.12.1.so
7fbf03a23000-7fbf03a24000 r-xp 00006000 07:00 1446692                    /lib/librt-2.12.1.so
7fbf03a24000-7fbf03a25000 rwxp 00007000 07:00 1446692                    /lib/librt-2.12.1.so
7fbf03a25000-7fbf03a28000 ---p 00000000 00:00 0 
7fbf03a28000-7fbf03b26000 rwxp 00000000 00:00 0 
7fbf03b26000-7fbf03ba8000 r-xp 00000000 07:00 1446726                    /lib/libm-2.12.1.so
7fbf03ba8000-7fbf03da7000 ---p 00082000 07:00 1446726                    /lib/libm-2.12.1.so
7fbf03da7000-7fbf03da8000 r-xp 00081000 07:00 1446726                    /lib/libm-2.12.1.so
7fbf03da8000-7fbf03da9000 rwxp 00082000 07:00 1446726                    /lib/libm-2.12.1.so
7fbf03da9000-7fbf045e7000 r-xp 00000000 07:00 663641                     /usr/lib/jvm/java-6-sun-1.6.0.24/jre/lib/amd64/server/libjvm.so
7fbf045e7000-7fbf046e6000 ---p 0083e000 07:00 663641                     /usr/lib/jvm/java-6-sun-1.6.0.24/jre/lib/amd64/server/libjvm.so
7fbf046e6000-7fbf0487a000 rwxp 0083d000 07:00 663641                     /usr/lib/jvm/java-6-sun-1.6.0.24/jre/lib/amd64/server/libjvm.so
7fbf0487a000-7fbf048b3000 rwxp 00000000 00:00 0 
7fbf048b3000-7fbf04a2d000 r-xp 00000000 07:00 1446696                    /lib/libc-2.12.1.so
7fbf04a2d000-7fbf04c2c000 ---p 0017a000 07:00 1446696                    /lib/libc-2.12.1.so
7fbf04c2c000-7fbf04c30000 r-xp 00179000 07:00 1446696                    /lib/libc-2.12.1.so
7fbf04c30000-7fbf04c31000 rwxp 0017d000 07:00 1446696                    /lib/libc-2.12.1.so
7fbf04c31000-7fbf04c36000 rwxp 00000000 00:00 0 
7fbf04c36000-7fbf04c38000 r-xp 00000000 07:00 1451833                    /lib/libdl-2.12.1.so
7fbf04c38000-7fbf04e38000 ---p 00002000 07:00 1451833                    /lib/libdl-2.12.1.so
7fbf04e38000-7fbf04e39000 r-xp 00002000 07:00 1451833                    /lib/libdl-2.12.1.so
7fbf04e39000-7fbf04e3a000 rwxp 00003000 07:00 1451833                    /lib/libdl-2.12.1.so
7fbf04e3a000-7fbf04e52000 r-xp 00000000 07:00 1446701                    /lib/libpthread-2.12.1.so
7fbf04e52000-7fbf05051000 ---p 00018000 07:00 1446701                    /lib/libpthread-2.12.1.so
7fbf05051000-7fbf05052000 r-xp 00017000 07:00 1446701                    /lib/libpthread-2.12.1.so
7fbf05052000-7fbf05053000 rwxp 00018000 07:00 1446701                    /lib/libpthread-2.12.1.so
7fbf05053000-7fbf05057000 rwxp 00000000 00:00 0 
7fbf05057000-7fbf05077000 r-xp 00000000 07:00 1446778                    /lib/ld-2.12.1.so
7fbf0508b000-7fbf05095000 rwxp 00000000 00:00 0 
7fbf05095000-7fbf0514b000 rwxp 00000000 00:00 0 
7fbf0514b000-7fbf0514e000 rwxp 00000000 00:00 0 
7fbf0514e000-7fbf05155000 r-xp 00000000 07:00 660258                     /usr/lib/jvm/java-6-sun-1.6.0.24/jre/lib/amd64/jli/libjli.so
7fbf05155000-7fbf05256000 ---p 00007000 07:00 660258                     /usr/lib/jvm/java-6-sun-1.6.0.24/jre/lib/amd64/jli/libjli.so
7fbf05256000-7fbf05258000 rwxp 00008000 07:00 660258                     /usr/lib/jvm/java-6-sun-1.6.0.24/jre/lib/amd64/jli/libjli.so
7fbf05258000-7fbf05259000 rwxp 00000000 00:00 0 
7fbf0526b000-7fbf05273000 rwxs 00000000 07:00 9668                       /tmp/hsperfdata_nhowell/12421
7fbf05273000-7fbf05274000 rwxp 00000000 00:00 0 
7fbf05274000-7fbf05275000 r-xp 00000000 00:00 0 
7fbf05275000-7fbf05277000 rwxp 00000000 00:00 0 
7fbf05277000-7fbf05278000 r-xp 00020000 07:00 1446778                    /lib/ld-2.12.1.so
7fbf05278000-7fbf05279000 rwxp 00021000 07:00 1446778                    /lib/ld-2.12.1.so
7fbf05279000-7fbf0527a000 rwxp 00000000 00:00 0 
7fff7309b000-7fff730bc000 rwxp 00000000 00:00 0                          [stack]
7fff73140000-7fff73141000 r-xp 00000000 00:00 0                          [vdso]
ffffffffff600000-ffffffffff601000 r-xp 00000000 00:00 0                  [vsyscall]

VM Arguments:
jvm_args: -Dfile.encoding=UTF-8 -Xbootclasspath:/home/nhowell/android-sdk-linux_86/platforms/android-8/android.jar 
java_command: us.noura.example.Yelp
Launcher Type: SUN_STANDARD

Environment Variables:
PATH=/usr/local/sbin:/usr/local/bin:/usr/sbin:/usr/bin:/sbin:/bin:/usr/games
USERNAME=nhowell
LD_LIBRARY_PATH=/usr/lib/jvm/java-6-sun-1.6.0.24/jre/lib/amd64/server:/usr/lib/jvm/java-6-sun-1.6.0.24/jre/lib/amd64:/usr/lib/jvm/java-6-sun-1.6.0.24/jre/../lib/amd64:/usr/lib/xulrunner-1.9.2.16
SHELL=/bin/bash
DISPLAY=:1.0

Signal Handlers:
SIGSEGV: [libjvm.so+0x791b30], sa_mask[0]=0x7ffbfeff, sa_flags=0x10000004
SIGBUS: [libjvm.so+0x791b30], sa_mask[0]=0x7ffbfeff, sa_flags=0x10000004
SIGFPE: [libjvm.so+0x640ba0], sa_mask[0]=0x7ffbfeff, sa_flags=0x10000004
SIGPIPE: [libjvm.so+0x640ba0], sa_mask[0]=0x7ffbfeff, sa_flags=0x10000004
SIGXFSZ: [libjvm.so+0x640ba0], sa_mask[0]=0x7ffbfeff, sa_flags=0x10000004
SIGILL: [libjvm.so+0x640ba0], sa_mask[0]=0x7ffbfeff, sa_flags=0x10000004
SIGUSR1: SIG_DFL, sa_mask[0]=0x00000000, sa_flags=0x00000000
SIGUSR2: [libjvm.so+0x643780], sa_mask[0]=0x00000004, sa_flags=0x10000004
SIGHUP: SIG_DFL, sa_mask[0]=0x00000000, sa_flags=0x00000000
SIGINT: SIG_DFL, sa_mask[0]=0x00000000, sa_flags=0x00000000
SIGTERM: SIG_DFL, sa_mask[0]=0x00000000, sa_flags=0x00000000
SIGQUIT: SIG_DFL, sa_mask[0]=0x00000000, sa_flags=0x00000000


---------------  S Y S T E M  ---------------

OS:squeeze/sid

uname:Linux 2.6.35-28-generic #49-Ubuntu SMP Tue Mar 1 14:39:03 UTC 2011 x86_64
libc:glibc 2.12.1 NPTL 2.12.1 
rlimit: STACK 8192k, CORE 0k, NPROC infinity, NOFILE 1024, AS infinity
load average:0.09 0.14 0.17

/proc/meminfo:
MemTotal:        2055500 kB
MemFree:          265336 kB
Buffers:          102556 kB
Cached:           178708 kB
SwapCached:          696 kB
Active:          1038464 kB
Inactive:         591936 kB
Active(anon):     953368 kB
Inactive(anon):   413736 kB
Active(file):      85096 kB
Inactive(file):   178200 kB
Unevictable:        2412 kB
Mlocked:              16 kB
SwapTotal:        261116 kB
SwapFree:         249780 kB
Dirty:               124 kB
Writeback:             0 kB
AnonPages:       1350988 kB
Mapped:            68624 kB
Shmem:             15520 kB
Slab:              46380 kB
SReclaimable:      24916 kB
SUnreclaim:        21464 kB
KernelStack:        2656 kB
PageTables:        24012 kB
NFS_Unstable:          0 kB
Bounce:                0 kB
WritebackTmp:          0 kB
CommitLimit:     1288864 kB
Committed_AS:    2505156 kB
VmallocTotal:   34359738367 kB
VmallocUsed:      122912 kB
VmallocChunk:   34359581180 kB
HardwareCorrupted:     0 kB
HugePages_Total:       0
HugePages_Free:        0
HugePages_Rsvd:        0
HugePages_Surp:        0
Hugepagesize:       2048 kB
DirectMap4k:      381292 kB
DirectMap2M:     1714176 kB


CPU:total 2 (2 cores per cpu, 1 threads per core) family 6 model 23 stepping 6, cmov, cx8, fxsr, mmx, sse, sse2, sse3, ssse3, sse4.1

Memory: 4k page, physical 2055500k(265336k free), swap 261116k(249780k free)

vm_info: Java HotSpot(TM) 64-Bit Server VM (19.1-b02) for linux-amd64 JRE (1.6.0_24-b07), built on Feb  2 2011 16:55:54 by "java_re" with gcc 3.2.2 (SuSE Linux)

time: Sun Apr 10 16:38:22 2011
elapsed time: 0 seconds

